[debug] [2020-04-03T20:22:59.861Z] ----------------------------------------------------------------------
[debug] [2020-04-03T20:22:59.863Z] Command:       C:\Program Files\nodejs\node.exe C:\Users\Student\AppData\Roaming\npm\node_modules\firebase-tools\lib\bin\firebase.js init
[debug] [2020-04-03T20:22:59.863Z] CLI Version:   8.0.1
[debug] [2020-04-03T20:22:59.863Z] Platform:      win32
[debug] [2020-04-03T20:22:59.863Z] Node Version:  v12.16.1
[debug] [2020-04-03T20:22:59.864Z] Time:          Fri Apr 03 2020 23:22:59 GMT+0300 (Arabian Standard Time)
[debug] [2020-04-03T20:22:59.864Z] ----------------------------------------------------------------------
[debug] [2020-04-03T20:22:59.864Z] 
[debug] [2020-04-03T20:22:59.870Z] > command requires scopes: ["email","openid","https://www.googleapis.com/auth/cloudplatformprojects.readonly","https://www.googleapis.com/auth/firebase","https://www.googleapis.com/auth/cloud-platform"]
[debug] [2020-04-03T20:22:59.905Z] Error: Could not load the default credentials. Browse to https://cloud.google.com/docs/authentication/getting-started for more information.
    at GoogleAuth.getApplicationDefaultAsync (C:\Users\Student\AppData\Roaming\npm\node_modules\firebase-tools\node_modules\google-auth-library\build\src\auth\googleauth.js:160:19)
    at processTicksAndRejections (internal/process/task_queues.js:97:5)
    at async GoogleAuth.getClient (C:\Users\Student\AppData\Roaming\npm\node_modules\firebase-tools\node_modules\google-auth-library\build\src\auth\googleauth.js:502:17)
    at async GoogleAuth.getAccessToken (C:\Users\Student\AppData\Roaming\npm\node_modules\firebase-tools\node_modules\google-auth-library\build\src\auth\googleauth.js:524:24)
[error] 
[error] Error: An unexpected error has occurred.
[debug] [2020-04-03T20:23:40.626Z] ----------------------------------------------------------------------
[debug] [2020-04-03T20:23:40.627Z] Command:       C:\Program Files\nodejs\node.exe C:\Users\Student\AppData\Roaming\npm\node_modules\firebase-tools\lib\bin\firebase.js init
[debug] [2020-04-03T20:23:40.628Z] CLI Version:   8.0.1
[debug] [2020-04-03T20:23:40.628Z] Platform:      win32
[debug] [2020-04-03T20:23:40.628Z] Node Version:  v12.16.1
[debug] [2020-04-03T20:23:40.628Z] Time:          Fri Apr 03 2020 23:23:40 GMT+0300 (Arabian Standard Time)
[debug] [2020-04-03T20:23:40.628Z] ----------------------------------------------------------------------
[debug] [2020-04-03T20:23:40.629Z] 
[debug] [2020-04-03T20:23:40.635Z] > command requires scopes: ["email","openid","https://www.googleapis.com/auth/cloudplatformprojects.readonly","https://www.googleapis.com/auth/firebase","https://www.googleapis.com/auth/cloud-platform"]
[debug] [2020-04-03T20:23:40.653Z] Error: Could not load the default credentials. Browse to https://cloud.google.com/docs/authentication/getting-started for more information.
    at GoogleAuth.getApplicationDefaultAsync (C:\Users\Student\AppData\Roaming\npm\node_modules\firebase-tools\node_modules\google-auth-library\build\src\auth\googleauth.js:160:19)
    at processTicksAndRejections (internal/process/task_queues.js:97:5)
    at async GoogleAuth.getClient (C:\Users\Student\AppData\Roaming\npm\node_modules\firebase-tools\node_modules\google-auth-library\build\src\auth\googleauth.js:502:17)
    at async GoogleAuth.getAccessToken (C:\Users\Student\AppData\Roaming\npm\node_modules\firebase-tools\node_modules\google-auth-library\build\src\auth\googleauth.js:524:24)
[error] 
[error] Error: An unexpected error has occurred.
